<?xml version="1.0" encoding="UTF-8"?>
<!-- Generated by org.testng.reporters.JUnitReportReporter -->
<testsuite hostname="INFARSZB52242" name="com.testproject.SampleSauceTextInputTest" tests="4" failures="0" timestamp="24 Aug 2016 05:15:25 GMT" time="34.272" errors="0">
  <testcase name="verifyCommentInputTest" time="9.875" classname="com.testproject.SampleSauceTextInputTest"/>
  <testcase name="verifyCommentInputTest" time="7.846" classname="com.testproject.SampleSauceTextInputTest"/>
  <testcase name="verifyEmailInputTest" time="7.378" classname="com.testproject.SampleSauceTextInputTest"/>
  <testcase name="verifyEmailInputTest" time="9.173" classname="com.testproject.SampleSauceTextInputTest"/>
</testsuite> <!-- com.testproject.SampleSauceTextInputTest -->
