<?xml version="1.0" encoding="UTF-8"?>
<!-- Generated by org.testng.reporters.JUnitReportReporter -->
<testsuite hostname="INFARSZB52242" name="com.testproject.SampleSauceTextInputTest" tests="2" failures="0" timestamp="24 Aug 2016 06:03:58 GMT" time="13.587" errors="0">
  <testcase name="verifyEmailInputTest" time="6.380" classname="com.testproject.SampleSauceTextInputTest"/>
  <testcase name="verifyCommentInputTest" time="7.207" classname="com.testproject.SampleSauceTextInputTest"/>
</testsuite> <!-- com.testproject.SampleSauceTextInputTest -->
