<?xml version="1.0" encoding="UTF-8"?>
<!-- Generated by org.testng.reporters.JUnitReportReporter -->
<testsuite hostname="INFARSZB52242" name="com.testproject.SampleSauceTextInputTest" tests="2" failures="0" timestamp="24 Aug 2016 05:50:41 GMT" time="18.612" errors="0">
  <testcase name="verifyEmailInputTest" time="8.768" classname="com.testproject.SampleSauceTextInputTest"/>
  <testcase name="verifyCommentInputTest" time="9.844" classname="com.testproject.SampleSauceTextInputTest"/>
</testsuite> <!-- com.testproject.SampleSauceTextInputTest -->
